Removed Pin From Net: NetName=NetR14_1 Pin=C1-1
Removed Pin From Net: NetName=NetR14_1 Pin=C1-2
Removed Pin From Net: NetName=NetR14_1 Pin=C2-1
Removed Pin From Net: NetName=NetR14_1 Pin=C2-2
Removed Pin From Net: NetName=NetR14_1 Pin=C3-1
Removed Pin From Net: NetName=NetR14_1 Pin=C4-1
Removed Pin From Net: NetName=NetR14_1 Pin=C4-2
Removed Pin From Net: NetName=NetR14_1 Pin=C5-1
Removed Pin From Net: NetName=NetR14_1 Pin=C5-2
Removed Pin From Net: NetName=NetR14_1 Pin=C6-1
Removed Pin From Net: NetName=NetR14_1 Pin=C6-2
Removed Pin From Net: NetName=NetR14_1 Pin=R2-1
Removed Pin From Net: NetName=NetR14_1 Pin=R2-2
Removed Pin From Net: NetName=NetR14_1 Pin=R3-1
Removed Pin From Net: NetName=NetR14_1 Pin=R3-2
Removed Pin From Net: NetName=NetR14_1 Pin=R4-1
Removed Pin From Net: NetName=NetR14_1 Pin=R5-2
Removed Pin From Net: NetName=NetR14_1 Pin=R6-1
Removed Pin From Net: NetName=NetR14_1 Pin=R6-2
Removed Pin From Net: NetName=NetR14_1 Pin=R7-1
Removed Pin From Net: NetName=NetR14_1 Pin=R7-2
Removed Pin From Net: NetName=NetR14_1 Pin=R9-1
Removed Pin From Net: NetName=NetR14_1 Pin=R10-1
Removed Pin From Net: NetName=NetR14_1 Pin=R11-1
Removed Pin From Net: NetName=NetR14_1 Pin=R11-2
Removed Pin From Net: NetName=NetR14_1 Pin=R12-1
Removed Pin From Net: NetName=NetR14_1 Pin=R14-1
Removed Pin From Net: NetName=NetR14_1 Pin=R15-1
Removed Pin From Net: NetName=NetR14_1 Pin=U1-1
Removed Pin From Net: NetName=NetR14_1 Pin=U1-2
Removed Pin From Net: NetName=NetR14_1 Pin=U1-5
Removed Pin From Net: NetName=NetR14_1 Pin=U1-9
Removed Pin From Net: NetName=NetR14_1 Pin=U1-12
Removed Pin From Net: NetName=NetR14_1 Pin=U1-13
Removed Pin From Net: NetName=NetR14_1 Pin=U1-14
Removed Member From Class: ClassName=Filter Member=R27
Added Pin To Net: NetName=NetC1_1 Pin=C1-1
Added Pin To Net: NetName=NetC1_2 Pin=C1-2
Added Pin To Net: NetName=NetC2_1 Pin=C2-1
Added Pin To Net: NetName=NetC2_2 Pin=C2-2
Added Pin To Net: NetName=NetC3_1 Pin=C3-1
Added Pin To Net: NetName=NetC1_1 Pin=C4-1
Added Pin To Net: NetName=NetC4_2 Pin=C4-2
Added Pin To Net: NetName=NetC2_1 Pin=C5-1
Added Pin To Net: NetName=NetC5_2 Pin=C5-2
Added Pin To Net: NetName=NetC3_1 Pin=C6-1
Added Pin To Net: NetName=NetC6_2 Pin=C6-2
Added Pin To Net: NetName=NetC4_2 Pin=R2-1
Added Pin To Net: NetName=NetC1_2 Pin=R2-2
Added Pin To Net: NetName=NetC5_2 Pin=R3-1
Added Pin To Net: NetName=NetC2_2 Pin=R3-2
Added Pin To Net: NetName=NetC6_2 Pin=R4-1
Added Pin To Net: NetName=NetC1_1 Pin=R5-2
Added Pin To Net: NetName=NetC1_2 Pin=R6-1
Added Pin To Net: NetName=NetC2_1 Pin=R6-2
Added Pin To Net: NetName=NetC2_2 Pin=R7-1
Added Pin To Net: NetName=NetC3_1 Pin=R7-2
Added Pin To Net: NetName=NetC1_1 Pin=R9-1
Added Pin To Net: NetName=NetC2_1 Pin=R10-1
Added Pin To Net: NetName=NetC2_2 Pin=R11-1
Added Pin To Net: NetName=NetR11_2 Pin=R11-2
Added Pin To Net: NetName=NetC3_1 Pin=R12-1
Added Pin To Net: NetName=NetR11_2 Pin=R15-1
Added Pin To Net: NetName=NetC1_2 Pin=U1-1
Added Pin To Net: NetName=NetC4_2 Pin=U1-2
Added Pin To Net: NetName=NetC6_2 Pin=U1-9
Added Pin To Net: NetName=NetR11_2 Pin=U1-12
Added Pin To Net: NetName=NetC5_2 Pin=U1-13
Added Pin To Net: NetName=NetC2_2 Pin=U1-14
Change Net Name : Old Net Name=NetR14_1 New Net Name=NetC7_1
Added Pin To Net: NetName=NetR14_1 Pin=R14-1
Added Pin To Net: NetName=NetR14_1 Pin=U1-5
Added Net: Name=NetR14_1
Added Member To Class: ClassName=Filter Member=Component C1 360pF
Added Member To Class: ClassName=Filter Member=Component C2 330pF
Added Member To Class: ClassName=Filter Member=Component C3 360pF
Added Member To Class: ClassName=Filter Member=Component C4 360pF
Added Member To Class: ClassName=Filter Member=Component C5 330pF
Added Member To Class: ClassName=Filter Member=Component C6 360pF
Added Member To Class: ClassName=Filter Member=Component C7 10uF
Added Member To Class: ClassName=Filter Member=Component C8 100nF
Added Member To Class: ClassName=Filter Member=Component C9 10uF
Added Member To Class: ClassName=Filter Member=Component C10 100nF
Added Member To Class: ClassName=Filter Member=Component C11 100nF
Added Member To Class: ClassName=Filter Member=Component R1 10k
Added Member To Class: ClassName=Filter Member=Component R2 165k
Added Member To Class: ClassName=Filter Member=Component R3 102k
Added Member To Class: ClassName=Filter Member=Component R4 102k
Added Member To Class: ClassName=Filter Member=Component R5 82.5k
Added Member To Class: ClassName=Filter Member=Component R6 80.6k
Added Member To Class: ClassName=Filter Member=Component R7 80.6k
Added Member To Class: ClassName=Filter Member=Component R8 10k
Added Member To Class: ClassName=Filter Member=Component R9 576R
Added Member To Class: ClassName=Filter Member=Component R10 1.05k
Added Member To Class: ClassName=Filter Member=Component R11 14.3k
Added Member To Class: ClassName=Filter Member=Component R12 1.05k
Added Member To Class: ClassName=Filter Member=Component R13 14.7k
Added Member To Class: ClassName=Filter Member=Component R14 4.99k
Added Member To Class: ClassName=Filter Member=Component R15 154R
Added Member To Class: ClassName=Filter Member=Component R16 158R
Added Member To Class: ClassName=Filter Member=Component U1 TL974IDR
