Added Member To Class: ClassName=Filter Member=Component C1 360pF
Added Member To Class: ClassName=Filter Member=Component C2 330pF
Added Member To Class: ClassName=Filter Member=Component C3 360pF
Added Member To Class: ClassName=Filter Member=Component C4 360pF
Added Member To Class: ClassName=Filter Member=Component C5 330pF
Added Member To Class: ClassName=Filter Member=Component C6 360pF
Added Member To Class: ClassName=Filter Member=Component C7 10uF
Added Member To Class: ClassName=Filter Member=Component C8 100nF
Added Member To Class: ClassName=Filter Member=Component C9 10uF
Added Member To Class: ClassName=Filter Member=Component C10 100nF
Added Member To Class: ClassName=Filter Member=Component C11 100nF
Added Member To Class: ClassName=Filter Member=Component R1 10k
Added Member To Class: ClassName=Filter Member=Component R2 165k
Added Member To Class: ClassName=Filter Member=Component R3 102k
Added Member To Class: ClassName=Filter Member=Component R4 102k
Added Member To Class: ClassName=Filter Member=Component R5 82.5k
Added Member To Class: ClassName=Filter Member=Component R6 80.6k
Added Member To Class: ClassName=Filter Member=Component R7 80.6k
Added Member To Class: ClassName=Filter Member=Component R8 10k
Added Member To Class: ClassName=Filter Member=Component R9 576R
Added Member To Class: ClassName=Filter Member=Component R10 1.05k
Added Member To Class: ClassName=Filter Member=Component R11 14.3k
Added Member To Class: ClassName=Filter Member=Component R12 1.05k
Added Member To Class: ClassName=Filter Member=Component R13 14.7k
Added Member To Class: ClassName=Filter Member=Component R14 4.99k
Added Member To Class: ClassName=Filter Member=Component R15 154R
Added Member To Class: ClassName=Filter Member=Component R16 158R
Added Member To Class: ClassName=Filter Member=Component U1 TL974IDR
