Removed Pin From Net: NetName=NetC3_2 Pin=C3-2
Removed Pin From Net: NetName=GND Pin=C7-2
Removed Pin From Net: NetName=GND Pin=C8-2
Removed Pin From Net: NetName=NetC9_1 Pin=C9-1
Removed Pin From Net: NetName=GND Pin=C9-2
Removed Pin From Net: NetName=NetC9_1 Pin=C10-1
Removed Pin From Net: NetName=GND Pin=C10-2
Removed Pin From Net: NetName=+3V3 Pin=C11-1
Removed Pin From Net: NetName=GND Pin=C11-2
Removed Pin From Net: NetName=+3V3 Pin=R1-1
Removed Pin From Net: NetName=NetC3_2 Pin=R4-2
Removed Pin From Net: NetName=NetJ1_2 Pin=R5-1
Removed Pin From Net: NetName=GND Pin=R8-2
Removed Pin From Net: NetName=NetC9_1 Pin=R9-2
Removed Pin From Net: NetName=NetC9_1 Pin=R10-2
Removed Pin From Net: NetName=NetC9_1 Pin=R12-2
Removed Pin From Net: NetName=NetC3_2 Pin=R13-1
Removed Pin From Net: NetName=NetC9_1 Pin=R14-2
Removed Pin From Net: NetName=NetC9_1 Pin=R15-2
Removed Pin From Net: NetName=NetC9_1 Pin=R16-2
Removed Pin From Net: NetName=NetC9_1 Pin=U1-3
Removed Pin From Net: NetName=+3V3 Pin=U1-4
Removed Pin From Net: NetName=NetC9_1 Pin=U1-7
Removed Pin From Net: NetName=NetC3_2 Pin=U1-8
Removed Pin From Net: NetName=GND Pin=U1-11
Removed Member From Class: ClassName=Filter Member=C12
Removed Member From Class: ClassName=Filter Member=C13
Removed Member From Class: ClassName=Filter Member=C14
Removed Member From Class: ClassName=Filter Member=C15
Removed Member From Class: ClassName=Filter Member=C16
Removed Member From Class: ClassName=Filter Member=C17
Removed Member From Class: ClassName=Filter Member=C18
Removed Member From Class: ClassName=Filter Member=C19
Removed Member From Class: ClassName=Filter Member=C20
Removed Member From Class: ClassName=Filter Member=C21
Removed Member From Class: ClassName=Filter Member=C22
Removed Member From Class: ClassName=Filter Member=R17
Removed Member From Class: ClassName=Filter Member=R18
Removed Member From Class: ClassName=Filter Member=R19
Removed Member From Class: ClassName=Filter Member=R20
Removed Member From Class: ClassName=Filter Member=R21
Removed Member From Class: ClassName=Filter Member=R22
Removed Member From Class: ClassName=Filter Member=R23
Removed Member From Class: ClassName=Filter Member=R24
Removed Member From Class: ClassName=Filter Member=R25
Removed Member From Class: ClassName=Filter Member=R26
Removed Member From Class: ClassName=Filter Member=R27
Removed Member From Class: ClassName=Filter Member=R28
Removed Member From Class: ClassName=Filter Member=R29
Removed Member From Class: ClassName=Filter Member=R30
Removed Member From Class: ClassName=Filter Member=R31
Removed Member From Class: ClassName=Filter Member=R32
Removed Member From Class: ClassName=Filter Member=U2
Change Component Designator: OldDesignator=C12 NewDesignator=C1
Change Component Designator: OldDesignator=C13 NewDesignator=C2
Change Component Designator: OldDesignator=C14 NewDesignator=C3
Change Component Designator: OldDesignator=C15 NewDesignator=C4
Change Component Designator: OldDesignator=C16 NewDesignator=C5
Change Component Designator: OldDesignator=C17 NewDesignator=C6
Change Component Designator: OldDesignator=C18 NewDesignator=C7
Change Component Designator: OldDesignator=C19 NewDesignator=C8
Change Component Designator: OldDesignator=C20 NewDesignator=C9
Change Component Designator: OldDesignator=C21 NewDesignator=C10
Change Component Designator: OldDesignator=C22 NewDesignator=C11
Change Component Designator: OldDesignator=R17 NewDesignator=R1
Change Component Designator: OldDesignator=R18 NewDesignator=R2
Change Component Designator: OldDesignator=R19 NewDesignator=R3
Change Component Designator: OldDesignator=R20 NewDesignator=R4
Change Component Designator: OldDesignator=R21 NewDesignator=R5
Change Component Designator: OldDesignator=R22 NewDesignator=R6
Change Component Designator: OldDesignator=R23 NewDesignator=R7
Change Component Designator: OldDesignator=R24 NewDesignator=R8
Change Component Designator: OldDesignator=R25 NewDesignator=R9
Change Component Designator: OldDesignator=R26 NewDesignator=R10
Change Component Designator: OldDesignator=R27 NewDesignator=R11
Change Component Designator: OldDesignator=R28 NewDesignator=R12
Change Component Designator: OldDesignator=R29 NewDesignator=R13
Change Component Designator: OldDesignator=R30 NewDesignator=R14
Change Component Designator: OldDesignator=R31 NewDesignator=R15
Change Component Designator: OldDesignator=R32 NewDesignator=R16
Change Component Designator: OldDesignator=U2 NewDesignator=U1
Change Net Name : Old Net Name=NetC12_1 New Net Name=NetC1_1
Change Net Name : Old Net Name=NetC12_2 New Net Name=NetC1_2
Change Net Name : Old Net Name=NetC13_1 New Net Name=NetC2_1
Change Net Name : Old Net Name=NetC13_2 New Net Name=NetC2_2
Change Net Name : Old Net Name=NetC14_1 New Net Name=NetC3_1
Change Net Name : Old Net Name=NetC15_2 New Net Name=NetC4_2
Change Net Name : Old Net Name=NetC16_2 New Net Name=NetC5_2
Change Net Name : Old Net Name=NetC17_2 New Net Name=NetC6_2
Change Net Name : Old Net Name=NetC18_1 New Net Name=NetC7_1
Change Net Name : Old Net Name=NetR27_2 New Net Name=NetR11_2
Change Net Name : Old Net Name=NetR29_2 New Net Name=NetR13_2
Change Net Name : Old Net Name=NetR30_1 New Net Name=NetR14_1
